H:\CSCE315\GroupProjectOne\API\API\Debug\API.dll.embed.manifest
H:\CSCE315\GROUPPROJECTONE\API\API\DEBUG\API.DLL.EMBED.MANIFEST.RES
H:\CSCE315\GroupProjectOne\API\API\Debug\API.dll.intermediate.manifest
H:\CSCE315\GroupProjectOne\API\API\Debug\API_manifest.rc
H:\CSCE315\GroupProjectOne\API\API\Debug\cl.command.1.tlog
H:\CSCE315\GroupProjectOne\API\API\Debug\CL.read.1.tlog
H:\CSCE315\GroupProjectOne\API\API\Debug\CL.write.1.tlog
H:\CSCE315\GROUPPROJECTONE\API\API\DEBUG\COLUMN.OBJ
H:\CSCE315\GROUPPROJECTONE\API\API\DEBUG\CREATING_TABLE_PARSER.OBJ
H:\CSCE315\GROUPPROJECTONE\API\API\DEBUG\DATABASE.OBJ
H:\CSCE315\GROUPPROJECTONE\API\API\DEBUG\DATE.OBJ
H:\CSCE315\GROUPPROJECTONE\API\API\DEBUG\EXPRESSION_HANDLER.OBJ
H:\CSCE315\GroupProjectOne\API\API\Debug\link.command.1.tlog
H:\CSCE315\GroupProjectOne\API\API\Debug\link.read.1.tlog
H:\CSCE315\GroupProjectOne\API\API\Debug\link.write.1.tlog
H:\CSCE315\GroupProjectOne\API\API\Debug\link-cvtres.read.1.tlog
H:\CSCE315\GroupProjectOne\API\API\Debug\link-cvtres.write.1.tlog
H:\CSCE315\GROUPPROJECTONE\API\API\DEBUG\MAIN.OBJ
H:\CSCE315\GROUPPROJECTONE\API\API\DEBUG\MAIN2.OBJ
H:\CSCE315\GROUPPROJECTONE\API\API\DEBUG\MAINTEST.OBJ
H:\CSCE315\GROUPPROJECTONE\API\API\DEBUG\PARSER.OBJ
H:\CSCE315\GroupProjectOne\API\API\Debug\rc.command.1.tlog
H:\CSCE315\GroupProjectOne\API\API\Debug\rc.read.1.tlog
H:\CSCE315\GroupProjectOne\API\API\Debug\rc.write.1.tlog
H:\CSCE315\GROUPPROJECTONE\API\API\DEBUG\TABLE.OBJ
H:\CSCE315\GROUPPROJECTONE\API\API\DEBUG\TIME.OBJ
H:\CSCE315\GroupProjectOne\API\API\Debug\vc100.idb
H:\CSCE315\GROUPPROJECTONE\API\API\DEBUG\VC100.PDB
H:\CSCE315\GroupProjectOne\API\Debug\API.pdb
