H:\CSCE315\GroupAssignment1\DatabaseDLL\DatabaseDLL\Release\cl.command.1.tlog
H:\CSCE315\GroupAssignment1\DatabaseDLL\DatabaseDLL\Release\CL.read.1.tlog
H:\CSCE315\GroupAssignment1\DatabaseDLL\DatabaseDLL\Release\CL.write.1.tlog
H:\CSCE315\GROUPASSIGNMENT1\DATABASEDLL\DATABASEDLL\RELEASE\COLUMN.OBJ
H:\CSCE315\GROUPASSIGNMENT1\DATABASEDLL\DATABASEDLL\RELEASE\DATABASE.OBJ
H:\CSCE315\GROUPASSIGNMENT1\DATABASEDLL\DATABASEDLL\RELEASE\DATABASEDLL.DLL.INTERMEDIATE.MANIFEST
H:\CSCE315\GROUPASSIGNMENT1\DATABASEDLL\DATABASEDLL\RELEASE\DATABASEDLL.OBJ
H:\CSCE315\GroupAssignment1\DatabaseDLL\DatabaseDLL\Release\DatabaseDLL.write.1.tlog
H:\CSCE315\GROUPASSIGNMENT1\DATABASEDLL\DATABASEDLL\RELEASE\DATE.OBJ
H:\CSCE315\GROUPASSIGNMENT1\DATABASEDLL\DATABASEDLL\RELEASE\EXPRESSIONTREE.OBJ
H:\CSCE315\GROUPASSIGNMENT1\DATABASEDLL\DATABASEDLL\RELEASE\FUNCTIONALDATABASEDLL.OBJ
H:\CSCE315\GROUPASSIGNMENT1\DATABASEDLL\DATABASEDLL\RELEASE\GLOBAL_PARSING_METHODS.OBJ
H:\CSCE315\GroupAssignment1\DatabaseDLL\DatabaseDLL\Release\link.command.1.tlog
H:\CSCE315\GroupAssignment1\DatabaseDLL\DatabaseDLL\Release\link.read.1.tlog
H:\CSCE315\GroupAssignment1\DatabaseDLL\DatabaseDLL\Release\link.write.1.tlog
H:\CSCE315\GROUPASSIGNMENT1\DATABASEDLL\DATABASEDLL\RELEASE\LOGICHANDLER.OBJ
H:\CSCE315\GROUPASSIGNMENT1\DATABASEDLL\DATABASEDLL\RELEASE\MAIN.OBJ
H:\CSCE315\GroupAssignment1\DatabaseDLL\DatabaseDLL\Release\mt.command.1.tlog
H:\CSCE315\GroupAssignment1\DatabaseDLL\DatabaseDLL\Release\mt.read.1.tlog
H:\CSCE315\GroupAssignment1\DatabaseDLL\DatabaseDLL\Release\mt.write.1.tlog
H:\CSCE315\GROUPASSIGNMENT1\DATABASEDLL\DATABASEDLL\RELEASE\OPERATIONS.OBJ
H:\CSCE315\GROUPASSIGNMENT1\DATABASEDLL\DATABASEDLL\RELEASE\PARSER.OBJ
H:\CSCE315\GROUPASSIGNMENT1\DATABASEDLL\DATABASEDLL\RELEASE\QUERY_PARSER.OBJ
H:\CSCE315\GROUPASSIGNMENT1\DATABASEDLL\DATABASEDLL\RELEASE\TABLE.OBJ
H:\CSCE315\GROUPASSIGNMENT1\DATABASEDLL\DATABASEDLL\RELEASE\TABLE_PARSER.OBJ
H:\CSCE315\GROUPASSIGNMENT1\DATABASEDLL\DATABASEDLL\RELEASE\TIME.OBJ
H:\CSCE315\GROUPASSIGNMENT1\DATABASEDLL\DATABASEDLL\RELEASE\VC100.PDB
H:\CSCE315\GROUPASSIGNMENT1\DATABASEDLL\RELEASE\DATABASEDLL.DLL
H:\CSCE315\GroupAssignment1\DatabaseDLL\Release\DatabaseDLL.exp
H:\CSCE315\GroupAssignment1\DatabaseDLL\Release\DatabaseDLL.lib
H:\CSCE315\GROUPASSIGNMENT1\DATABASEDLL\RELEASE\DATABASEDLL.PDB
