Build started 2/14/2012 3:25:23 PM.
     1>Project "H:\CSCE315\GroupProjectOne\DatabaseDLL\DatabaseDLL\DatabaseDLL.vcxproj" on node 2 (rebuild target(s)).
     1>_PrepareForClean:
         Deleting file "Debug\DatabaseDLL.lastbuildstate".
       InitializeBuildStatus:
         Creating "Debug\DatabaseDLL.unsuccessfulbuild" because "AlwaysCreate" was specified.
       ClCompile:
         c:\Program Files (x86)\Microsoft Visual Studio 10.0\VC\bin\CL.exe /c /ZI /nologo /W3 /WX- /Od /Oy- /D WIN32 /D _DEBUG /D _WINDOWS /D _USRDLL /D DATABASEDLL_EXPORTS /D _WINDLL /D _UNICODE /D UNICODE /Gm /EHsc /RTC1 /MDd /GS /fp:precise /Zc:wchar_t /Zc:forScope /Fo"Debug\\" /Fd"Debug\vc100.pdb" /Gd /TP /analyze- /errorReport:prompt Column.cpp DatabaseDLL.cpp Date.cpp Table.cpp Time.cpp
         Time.cpp
         Table.cpp
     1>h:\csce315\groupprojectone\databasedll\databasedll\table.cpp(57): warning C4018: '<' : signed/unsigned mismatch
         Date.cpp
         DatabaseDLL.cpp
         Column.cpp
     1>h:\csce315\groupprojectone\databasedll\databasedll\column.cpp(16): warning C4018: '<' : signed/unsigned mismatch
     1>h:\csce315\groupprojectone\databasedll\databasedll\column.cpp(65): warning C4018: '<' : signed/unsigned mismatch
     1>h:\csce315\groupprojectone\databasedll\databasedll\column.cpp(77): warning C4244: '=' : conversion from 'double' to 'float', possible loss of data
     1>h:\csce315\groupprojectone\databasedll\databasedll\column.cpp(82): warning C4018: '<' : signed/unsigned mismatch
     1>h:\csce315\groupprojectone\databasedll\databasedll\column.cpp(90): warning C4018: '>' : signed/unsigned mismatch
     1>h:\csce315\groupprojectone\databasedll\databasedll\column.cpp(94): warning C4018: '<' : signed/unsigned mismatch
     1>h:\csce315\groupprojectone\databasedll\databasedll\column.cpp(117): warning C4018: '<' : signed/unsigned mismatch
     1>h:\csce315\groupprojectone\databasedll\databasedll\column.cpp(140): warning C4018: '<' : signed/unsigned mismatch
     1>h:\csce315\groupprojectone\databasedll\databasedll\column.cpp(174): warning C4244: 'argument' : conversion from 'double' to 'float', possible loss of data
     1>h:\csce315\groupprojectone\databasedll\databasedll\column.cpp(180): warning C4018: '>' : signed/unsigned mismatch
     1>h:\csce315\groupprojectone\databasedll\databasedll\column.cpp(225): warning C4018: '<' : signed/unsigned mismatch
     1>h:\csce315\groupprojectone\databasedll\databasedll\column.cpp(232): warning C4018: '<' : signed/unsigned mismatch
     1>h:\csce315\groupprojectone\databasedll\databasedll\column.cpp(239): warning C4018: '<' : signed/unsigned mismatch
     1>h:\csce315\groupprojectone\databasedll\databasedll\column.cpp(246): warning C4018: '<' : signed/unsigned mismatch
     1>h:\csce315\groupprojectone\databasedll\databasedll\column.cpp(253): warning C4018: '<' : signed/unsigned mismatch
         Generating Code...
       ManifestResourceCompile:
         c:\Program Files (x86)\Microsoft SDKs\Windows\v7.0A\bin\rc.exe /nologo /fo"Debug\DatabaseDLL.dll.embed.manifest.res" Debug\DatabaseDLL_manifest.rc 
       Link:
         c:\Program Files (x86)\Microsoft Visual Studio 10.0\VC\bin\link.exe /ERRORREPORT:PROMPT /OUT:"H:\CSCE315\GroupProjectOne\DatabaseDLL\Debug\DatabaseDLL.dll" /INCREMENTAL /NOLOGO kernel32.lib user32.lib gdi32.lib winspool.lib comdlg32.lib advapi32.lib shell32.lib ole32.lib oleaut32.lib uuid.lib odbc32.lib odbccp32.lib /MANIFEST /ManifestFile:"Debug\DatabaseDLL.dll.intermediate.manifest" /MANIFESTUAC:"level='asInvoker' uiAccess='false'" /DEBUG /PDB:"H:\CSCE315\GroupProjectOne\DatabaseDLL\Debug\DatabaseDLL.pdb" /SUBSYSTEM:WINDOWS /TLBID:1 /DYNAMICBASE /NXCOMPAT /IMPLIB:"H:\CSCE315\GroupProjectOne\DatabaseDLL\Debug\DatabaseDLL.lib" /MACHINE:X86 /DLL Debug\DatabaseDLL.dll.embed.manifest.res
         Debug\Column.obj
         Debug\DatabaseDLL.obj
         Debug\Date.obj
         Debug\Table.obj
         Debug\Time.obj
       Manifest:
         Deleting file "Debug\DatabaseDLL.dll.embed.manifest".
         c:\Program Files (x86)\Microsoft SDKs\Windows\v7.0A\bin\mt.exe /nologo /verbose /out:"Debug\DatabaseDLL.dll.embed.manifest" /manifest Debug\DatabaseDLL.dll.intermediate.manifest
         c:\Program Files (x86)\Microsoft SDKs\Windows\v7.0A\bin\rc.exe /nologo /fo"Debug\DatabaseDLL.dll.embed.manifest.res" Debug\DatabaseDLL_manifest.rc 
       LinkEmbedManifest:
         c:\Program Files (x86)\Microsoft Visual Studio 10.0\VC\bin\link.exe /ERRORREPORT:PROMPT /OUT:"H:\CSCE315\GroupProjectOne\DatabaseDLL\Debug\DatabaseDLL.dll" /INCREMENTAL /NOLOGO kernel32.lib user32.lib gdi32.lib winspool.lib comdlg32.lib advapi32.lib shell32.lib ole32.lib oleaut32.lib uuid.lib odbc32.lib odbccp32.lib /MANIFEST /ManifestFile:"Debug\DatabaseDLL.dll.intermediate.manifest" /MANIFESTUAC:"level='asInvoker' uiAccess='false'" /DEBUG /PDB:"H:\CSCE315\GroupProjectOne\DatabaseDLL\Debug\DatabaseDLL.pdb" /SUBSYSTEM:WINDOWS /TLBID:1 /DYNAMICBASE /NXCOMPAT /IMPLIB:"H:\CSCE315\GroupProjectOne\DatabaseDLL\Debug\DatabaseDLL.lib" /MACHINE:X86 /DLL Debug\DatabaseDLL.dll.embed.manifest.res
         Debug\Column.obj
         Debug\DatabaseDLL.obj
         Debug\Date.obj
         Debug\Table.obj
         Debug\Time.obj
         DatabaseDLL.vcxproj -> H:\CSCE315\GroupProjectOne\DatabaseDLL\Debug\DatabaseDLL.dll
       FinalizeBuildStatus:
         Deleting file "Debug\DatabaseDLL.unsuccessfulbuild".
         Touching "Debug\DatabaseDLL.lastbuildstate".
     1>Done Building Project "H:\CSCE315\GroupProjectOne\DatabaseDLL\DatabaseDLL\DatabaseDLL.vcxproj" (rebuild target(s)).

Build succeeded.

Time Elapsed 00:00:21.66
