H:\CSCE315\GroupAssignment1\CreditCard\CreditCard\Debug\cl.command.1.tlog
H:\CSCE315\GroupAssignment1\CreditCard\CreditCard\Debug\CL.read.1.tlog
H:\CSCE315\GroupAssignment1\CreditCard\CreditCard\Debug\CL.write.1.tlog
H:\CSCE315\GroupAssignment1\CreditCard\CreditCard\Debug\CreditCard.exe.embed.manifest
H:\CSCE315\GROUPASSIGNMENT1\CREDITCARD\CREDITCARD\DEBUG\CREDITCARD.EXE.EMBED.MANIFEST.RES
H:\CSCE315\GROUPASSIGNMENT1\CREDITCARD\CREDITCARD\DEBUG\CREDITCARD.EXE.INTERMEDIATE.MANIFEST
H:\CSCE315\GroupAssignment1\CreditCard\CreditCard\Debug\CreditCard.write.1.tlog
H:\CSCE315\GroupAssignment1\CreditCard\CreditCard\Debug\CreditCard_manifest.rc
H:\CSCE315\GroupAssignment1\CreditCard\CreditCard\Debug\link.1356.read.1.tlog
H:\CSCE315\GroupAssignment1\CreditCard\CreditCard\Debug\link.1356.write.1.tlog
H:\CSCE315\GroupAssignment1\CreditCard\CreditCard\Debug\link.1356-cvtres.read.1.tlog
H:\CSCE315\GroupAssignment1\CreditCard\CreditCard\Debug\link.1356-cvtres.write.1.tlog
H:\CSCE315\GroupAssignment1\CreditCard\CreditCard\Debug\link.1872.read.1.tlog
H:\CSCE315\GroupAssignment1\CreditCard\CreditCard\Debug\link.1872.write.1.tlog
H:\CSCE315\GroupAssignment1\CreditCard\CreditCard\Debug\link.1872-cvtres.read.1.tlog
H:\CSCE315\GroupAssignment1\CreditCard\CreditCard\Debug\link.1872-cvtres.write.1.tlog
H:\CSCE315\GroupAssignment1\CreditCard\CreditCard\Debug\link.1972.read.1.tlog
H:\CSCE315\GroupAssignment1\CreditCard\CreditCard\Debug\link.1972.write.1.tlog
H:\CSCE315\GroupAssignment1\CreditCard\CreditCard\Debug\link.1972-cvtres.read.1.tlog
H:\CSCE315\GroupAssignment1\CreditCard\CreditCard\Debug\link.1972-cvtres.write.1.tlog
H:\CSCE315\GroupAssignment1\CreditCard\CreditCard\Debug\link.2044.read.1.tlog
H:\CSCE315\GroupAssignment1\CreditCard\CreditCard\Debug\link.2044.write.1.tlog
H:\CSCE315\GroupAssignment1\CreditCard\CreditCard\Debug\link.2044-cvtres.read.1.tlog
H:\CSCE315\GroupAssignment1\CreditCard\CreditCard\Debug\link.2044-cvtres.write.1.tlog
H:\CSCE315\GroupAssignment1\CreditCard\CreditCard\Debug\link.2320.read.1.tlog
H:\CSCE315\GroupAssignment1\CreditCard\CreditCard\Debug\link.2320.write.1.tlog
H:\CSCE315\GroupAssignment1\CreditCard\CreditCard\Debug\link.2320-cvtres.read.1.tlog
H:\CSCE315\GroupAssignment1\CreditCard\CreditCard\Debug\link.2320-cvtres.write.1.tlog
H:\CSCE315\GroupAssignment1\CreditCard\CreditCard\Debug\link.2364.read.1.tlog
H:\CSCE315\GroupAssignment1\CreditCard\CreditCard\Debug\link.2364.write.1.tlog
H:\CSCE315\GroupAssignment1\CreditCard\CreditCard\Debug\link.2364-cvtres.read.1.tlog
H:\CSCE315\GroupAssignment1\CreditCard\CreditCard\Debug\link.2364-cvtres.write.1.tlog
H:\CSCE315\GroupAssignment1\CreditCard\CreditCard\Debug\link.2792.read.1.tlog
H:\CSCE315\GroupAssignment1\CreditCard\CreditCard\Debug\link.2792.write.1.tlog
H:\CSCE315\GroupAssignment1\CreditCard\CreditCard\Debug\link.2792-cvtres.read.1.tlog
H:\CSCE315\GroupAssignment1\CreditCard\CreditCard\Debug\link.2792-cvtres.write.1.tlog
H:\CSCE315\GroupAssignment1\CreditCard\CreditCard\Debug\link.3248.read.1.tlog
H:\CSCE315\GroupAssignment1\CreditCard\CreditCard\Debug\link.3248.write.1.tlog
H:\CSCE315\GroupAssignment1\CreditCard\CreditCard\Debug\link.3248-cvtres.read.1.tlog
H:\CSCE315\GroupAssignment1\CreditCard\CreditCard\Debug\link.3248-cvtres.write.1.tlog
H:\CSCE315\GroupAssignment1\CreditCard\CreditCard\Debug\link.3492.read.1.tlog
H:\CSCE315\GroupAssignment1\CreditCard\CreditCard\Debug\link.3492.write.1.tlog
H:\CSCE315\GroupAssignment1\CreditCard\CreditCard\Debug\link.3492-cvtres.read.1.tlog
H:\CSCE315\GroupAssignment1\CreditCard\CreditCard\Debug\link.3492-cvtres.write.1.tlog
H:\CSCE315\GroupAssignment1\CreditCard\CreditCard\Debug\link.3552.read.1.tlog
H:\CSCE315\GroupAssignment1\CreditCard\CreditCard\Debug\link.3552.write.1.tlog
H:\CSCE315\GroupAssignment1\CreditCard\CreditCard\Debug\link.3552-cvtres.read.1.tlog
H:\CSCE315\GroupAssignment1\CreditCard\CreditCard\Debug\link.3552-cvtres.write.1.tlog
H:\CSCE315\GroupAssignment1\CreditCard\CreditCard\Debug\link.416.read.1.tlog
H:\CSCE315\GroupAssignment1\CreditCard\CreditCard\Debug\link.416.write.1.tlog
H:\CSCE315\GroupAssignment1\CreditCard\CreditCard\Debug\link.416-cvtres.read.1.tlog
H:\CSCE315\GroupAssignment1\CreditCard\CreditCard\Debug\link.416-cvtres.write.1.tlog
H:\CSCE315\GroupAssignment1\CreditCard\CreditCard\Debug\link.4960.read.1.tlog
H:\CSCE315\GroupAssignment1\CreditCard\CreditCard\Debug\link.4960.write.1.tlog
H:\CSCE315\GroupAssignment1\CreditCard\CreditCard\Debug\link.4960-cvtres.read.1.tlog
H:\CSCE315\GroupAssignment1\CreditCard\CreditCard\Debug\link.4960-cvtres.write.1.tlog
H:\CSCE315\GroupAssignment1\CreditCard\CreditCard\Debug\link.5036.read.1.tlog
H:\CSCE315\GroupAssignment1\CreditCard\CreditCard\Debug\link.5036.write.1.tlog
H:\CSCE315\GroupAssignment1\CreditCard\CreditCard\Debug\link.5036-cvtres.read.1.tlog
H:\CSCE315\GroupAssignment1\CreditCard\CreditCard\Debug\link.5036-cvtres.write.1.tlog
H:\CSCE315\GroupAssignment1\CreditCard\CreditCard\Debug\link.624.read.1.tlog
H:\CSCE315\GroupAssignment1\CreditCard\CreditCard\Debug\link.624.write.1.tlog
H:\CSCE315\GroupAssignment1\CreditCard\CreditCard\Debug\link.624-cvtres.read.1.tlog
H:\CSCE315\GroupAssignment1\CreditCard\CreditCard\Debug\link.624-cvtres.write.1.tlog
H:\CSCE315\GroupAssignment1\CreditCard\CreditCard\Debug\link.command.1.tlog
H:\CSCE315\GroupAssignment1\CreditCard\CreditCard\Debug\link.read.1.tlog
H:\CSCE315\GroupAssignment1\CreditCard\CreditCard\Debug\link.write.1.tlog
H:\CSCE315\GroupAssignment1\CreditCard\CreditCard\Debug\link-cvtres.read.1.tlog
H:\CSCE315\GroupAssignment1\CreditCard\CreditCard\Debug\link-cvtres.write.1.tlog
H:\CSCE315\GROUPASSIGNMENT1\CREDITCARD\CREDITCARD\DEBUG\MAIN.OBJ
H:\CSCE315\GroupAssignment1\CreditCard\CreditCard\Debug\mt.command.1.tlog
H:\CSCE315\GroupAssignment1\CreditCard\CreditCard\Debug\mt.read.1.tlog
H:\CSCE315\GroupAssignment1\CreditCard\CreditCard\Debug\mt.write.1.tlog
H:\CSCE315\GroupAssignment1\CreditCard\CreditCard\Debug\rc.command.1.tlog
H:\CSCE315\GroupAssignment1\CreditCard\CreditCard\Debug\rc.read.1.tlog
H:\CSCE315\GroupAssignment1\CreditCard\CreditCard\Debug\rc.write.1.tlog
H:\CSCE315\GroupAssignment1\CreditCard\CreditCard\Debug\vc100.idb
H:\CSCE315\GROUPASSIGNMENT1\CREDITCARD\CREDITCARD\DEBUG\VC100.PDB
H:\CSCE315\GROUPASSIGNMENT1\CREDITCARD\DEBUG\CREDITCARD.EXE
H:\CSCE315\GroupAssignment1\CreditCard\Debug\CreditCard.exp
H:\CSCE315\GROUPASSIGNMENT1\CREDITCARD\DEBUG\CREDITCARD.ILK
H:\CSCE315\GroupAssignment1\CreditCard\Debug\CreditCard.lib
H:\CSCE315\GROUPASSIGNMENT1\CREDITCARD\DEBUG\CREDITCARD.PDB
