Build started 2/28/2012 6:37:05 PM.
     1>Project "H:\CSCE315\GroupAssignment1\CreditCard\CreditCard\CreditCard.vcxproj" on node 2 (build target(s)).
     1>InitializeBuildStatus:
         Creating "Debug\CreditCard.unsuccessfulbuild" because "AlwaysCreate" was specified.
       ClCompile:
         c:\Program Files (x86)\Microsoft Visual Studio 10.0\VC\bin\CL.exe /c /ZI /nologo /W3 /WX- /Od /Oy- /D WIN32 /D _DEBUG /D _CONSOLE /D _UNICODE /D UNICODE /Gm /EHsc /RTC1 /MDd /GS /fp:precise /Zc:wchar_t /Zc:forScope /Fo"Debug\\" /Fd"Debug\vc100.pdb" /Gd /TP /analyze- /errorReport:prompt main.cpp
         main.cpp
     1>h:\csce315\groupassignment1\creditcard\creditcard\database.h(21): warning C4251: 'Database::tables' : class 'std::vector<_Ty>' needs to have dll-interface to be used by clients of class 'Database'
                 with
                 [
                     _Ty=Table
                 ]
     1>h:\csce315\groupassignment1\creditcard\creditcard\main.cpp(26): warning C4018: '<' : signed/unsigned mismatch
     1>h:\csce315\groupassignment1\creditcard\creditcard\main.cpp(43): warning C4018: '<' : signed/unsigned mismatch
     1>h:\csce315\groupassignment1\creditcard\creditcard\main.cpp(54): warning C4018: '<' : signed/unsigned mismatch
     1>h:\csce315\groupassignment1\creditcard\creditcard\main.cpp(56): warning C4101: 'f' : unreferenced local variable
       ManifestResourceCompile:
         All outputs are up-to-date.
       Link:
         c:\Program Files (x86)\Microsoft Visual Studio 10.0\VC\bin\link.exe /ERRORREPORT:PROMPT /OUT:"H:\CSCE315\GroupAssignment1\CreditCard\Debug\CreditCard.exe" /INCREMENTAL /NOLOGO Database.lib kernel32.lib user32.lib gdi32.lib winspool.lib comdlg32.lib advapi32.lib shell32.lib ole32.lib oleaut32.lib uuid.lib odbc32.lib odbccp32.lib kernel32.lib user32.lib gdi32.lib winspool.lib comdlg32.lib advapi32.lib shell32.lib ole32.lib oleaut32.lib uuid.lib odbc32.lib odbccp32.lib /MANIFEST /ManifestFile:"Debug\CreditCard.exe.intermediate.manifest" /MANIFESTUAC:"level='asInvoker' uiAccess='false'" /DEBUG /PDB:"H:\CSCE315\GroupAssignment1\CreditCard\Debug\CreditCard.pdb" /SUBSYSTEM:CONSOLE /TLBID:1 /DYNAMICBASE /NXCOMPAT /IMPLIB:"H:\CSCE315\GroupAssignment1\CreditCard\Debug\CreditCard.lib" /MACHINE:X86 Debug\CreditCard.exe.embed.manifest.res
         Debug\main.obj
         Database.lib
       Manifest:
         C:\Program Files (x86)\Microsoft SDKs\Windows\v7.0A\bin\mt.exe /nologo /verbose /out:"Debug\CreditCard.exe.embed.manifest" /manifest Debug\CreditCard.exe.intermediate.manifest
         All outputs are up-to-date.
       LinkEmbedManifest:
         All outputs are up-to-date.
         CreditCard.vcxproj -> H:\CSCE315\GroupAssignment1\CreditCard\Debug\CreditCard.exe
       FinalizeBuildStatus:
         Deleting file "Debug\CreditCard.unsuccessfulbuild".
         Touching "Debug\CreditCard.lastbuildstate".
     1>Done Building Project "H:\CSCE315\GroupAssignment1\CreditCard\CreditCard\CreditCard.vcxproj" (build target(s)).

Build succeeded.

Time Elapsed 00:00:26.42
